Unity Editor version:    2021.3.17f1 (3e8111cac19d)
Branch:                  2021.3/release
Build type:              Release
Batch mode:              YES
macOS version:           Version 13.1 (Build 22C65)
Darwin version:          22.2.0
Architecture:            x86_64
Running under Rosetta:   NO
Available memory:        16384 MB
Using pre-set license
Pro License: YES

COMMAND LINE ARGUMENTS:
/Applications/Unity/Hub/Editor/2021.3.17f1/Unity.app/Contents/MacOS/Unity
-adb2
-batchMode
-noUpm
-name
AssetImportWorker0
-projectPath
/Users/korahughes/Documents/GitHub/GameEng/Marble-Maze
-logFile
Logs/AssetImportWorker0.log
-srvPort
62718
Successfully changed project path to: /Users/korahughes/Documents/GitHub/GameEng/Marble-Maze
/Users/korahughes/Documents/GitHub/GameEng/Marble-Maze
[UnityMemory] Configuration Parameters - Can be set up in boot.config
    "memorysetup-bucket-allocator-granularity=16"
    "memorysetup-bucket-allocator-bucket-count=8"
    "memorysetup-bucket-allocator-block-size=33554432"
    "memorysetup-bucket-allocator-block-count=8"
    "memorysetup-main-allocator-block-size=16777216"
    "memorysetup-thread-allocator-block-size=16777216"
    "memorysetup-gfx-main-allocator-block-size=16777216"
    "memorysetup-gfx-thread-allocator-block-size=16777216"
    "memorysetup-cache-allocator-block-size=4194304"
    "memorysetup-typetree-allocator-block-size=2097152"
    "memorysetup-profiler-bucket-allocator-granularity=16"
    "memorysetup-profiler-bucket-allocator-bucket-count=8"
    "memorysetup-profiler-bucket-allocator-block-size=33554432"
    "memorysetup-profiler-bucket-allocator-block-count=8"
    "memorysetup-profiler-allocator-block-size=16777216"
    "memorysetup-profiler-editor-allocator-block-size=1048576"
    "memorysetup-temp-allocator-size-main=16777216"
    "memorysetup-job-temp-allocator-block-size=2097152"
    "memorysetup-job-temp-allocator-block-size-background=1048576"
    "memorysetup-job-temp-allocator-reduction-small-platforms=262144"
    "memorysetup-temp-allocator-size-background-worker=32768"
    "memorysetup-temp-allocator-size-job-worker=262144"
    "memorysetup-temp-allocator-size-preload-manager=33554432"
    "memorysetup-temp-allocator-size-nav-mesh-worker=65536"
    "memorysetup-temp-allocator-size-audio-worker=65536"
    "memorysetup-temp-allocator-size-cloud-worker=32768"
    "memorysetup-temp-allocator-size-gi-baking-worker=262144"
    "memorysetup-temp-allocator-size-gfx=262144"
Player connection [140704307370176] Host "[IP] 192.168.1.157 [Port] 0 [Flags] 2 [Guid] 916455433 [EditorId] 916455433 [Version] 1048832 [Id] OSXEditor(0,Koras-MBP) [Debug] 1 [PackageName] OSXEditor [ProjectName] Editor" joined multi-casting on [225.0.0.222:54997]...

Player connection [140704307370176] Host "[IP] 192.168.1.157 [Port] 0 [Flags] 2 [Guid] 916455433 [EditorId] 916455433 [Version] 1048832 [Id] OSXEditor(0,Koras-MBP) [Debug] 1 [PackageName] OSXEditor [ProjectName] Editor" joined alternative multi-casting on [225.0.0.222:34997]...

Refreshing native plugins compatible for Editor in 137.08 ms, found 2 plugins.
Preloading 0 native plugins for Editor in 0.00 ms.
Initialize engine version: 2021.3.17f1 (3e8111cac19d)
[Subsystems] Discovering subsystems at path /Applications/Unity/Hub/Editor/2021.3.17f1/Unity.app/Contents/Resources/UnitySubsystems
[Subsystems] Discovering subsystems at path /Users/korahughes/Documents/GitHub/GameEng/Marble-Maze/Assets
GfxDevice: creating device client; threaded=0; jobified=0
Color LCD preferred device: AMD Radeon Pro 560X (high power)
Metal devices available: 2
0: AMD Radeon Pro 560X (high power)
1: Intel(R) UHD Graphics 630 (low power)
Using device AMD Radeon Pro 560X (high power)
Initializing Metal device caps: AMD Radeon Pro 560X
Initialize mono
Mono path[0] = '/Applications/Unity/Hub/Editor/2021.3.17f1/Unity.app/Contents/Managed'
Mono path[1] = '/Applications/Unity/Hub/Editor/2021.3.17f1/Unity.app/Contents/MonoBleedingEdge/lib/mono/unityjit-macos'
Mono config path = '/Applications/Unity/Hub/Editor/2021.3.17f1/Unity.app/Contents/MonoBleedingEdge/etc'
Using monoOptions --debugger-agent=transport=dt_socket,embedding=1,server=y,suspend=n,address=127.0.0.1:56628
Begin MonoManager ReloadAssembly
Registering precompiled unity dll's ...
Register platform support module: /Applications/Unity/Hub/Editor/2021.3.17f1/PlaybackEngines/WebGLSupport/UnityEditor.WebGL.Extensions.dll
Register platform support module: /Applications/Unity/Hub/Editor/2021.3.17f1/Unity.app/Contents/PlaybackEngines/MacStandaloneSupport/UnityEditor.OSXStandalone.Extensions.dll
Register platform support module: /Applications/Unity/Hub/Editor/2021.3.17f1/PlaybackEngines/WindowsStandaloneSupport/UnityEditor.WindowsStandalone.Extensions.dll
Registered in 0.004198 seconds.
Native extension for WindowsStandalone target not found
Native extension for OSXStandalone target not found
Native extension for WebGL target not found
Refreshing native plugins compatible for Editor in 122.39 ms, found 2 plugins.
Preloading 0 native plugins for Editor in 0.00 ms.
Mono: successfully reloaded assembly
- Completed reload, in  1.170 seconds
Domain Reload Profiling:
	ReloadAssembly (1171ms)
		BeginReloadAssembly (140ms)
			ExecutionOrderSort (0ms)
			DisableScriptedObjects (0ms)
			BackupInstance (0ms)
			ReleaseScriptingObjects (0ms)
			CreateAndSetChildDomain (1ms)
		EndReloadAssembly (840ms)
			LoadAssemblies (141ms)
			RebuildTransferFunctionScriptingTraits (0ms)
			SetupTypeCache (204ms)
			ReleaseScriptCaches (0ms)
			RebuildScriptCaches (65ms)
			SetupLoadedEditorAssemblies (493ms)
				LogAssemblyErrors (0ms)
				InitializePlatformSupportModulesInManaged (31ms)
				SetLoadedEditorAssemblies (0ms)
				RefreshPlugins (122ms)
				BeforeProcessingInitializeOnLoad (2ms)
				ProcessInitializeOnLoadAttributes (258ms)
				ProcessInitializeOnLoadMethodAttributes (80ms)
				AfterProcessingInitializeOnLoad (0ms)
				EditorAssembliesLoaded (0ms)
			ExecutionOrderSort2 (0ms)
			AwakeInstancesAfterBackupRestoration (0ms)
Platform modules already initialized, skipping
Registering precompiled user dll's ...
Registered in 0.006544 seconds.
Begin MonoManager ReloadAssembly
Symbol file LoadedFromMemory doesn't match image /Users/korahughes/Documents/GitHub/GameEng/Marble-Maze/Library/PackageCache/com.unity.visualscripting@1.8.0/Editor/VisualScripting.Core/Dependencies/YamlDotNet/Unity.VisualScripting.YamlDotNet.dll
Symbol file LoadedFromMemory doesn't match image /Users/korahughes/Documents/GitHub/GameEng/Marble-Maze/Library/PackageCache/com.unity.visualscripting@1.8.0/Editor/VisualScripting.Core/Dependencies/DotNetZip/Unity.VisualScripting.IonicZip.dll
Native extension for WindowsStandalone target not found
Native extension for OSXStandalone target not found
Native extension for WebGL target not found
Refreshing native plugins compatible for Editor in 1.28 ms, found 2 plugins.
Preloading 0 native plugins for Editor in 0.00 ms.
Mono: successfully reloaded assembly
- Completed reload, in  1.612 seconds
Domain Reload Profiling:
	ReloadAssembly (1613ms)
		BeginReloadAssembly (152ms)
			ExecutionOrderSort (0ms)
			DisableScriptedObjects (11ms)
			BackupInstance (0ms)
			ReleaseScriptingObjects (0ms)
			CreateAndSetChildDomain (37ms)
		EndReloadAssembly (1289ms)
			LoadAssemblies (137ms)
			RebuildTransferFunctionScriptingTraits (0ms)
			SetupTypeCache (464ms)
			ReleaseScriptCaches (1ms)
			RebuildScriptCaches (80ms)
			SetupLoadedEditorAssemblies (539ms)
				LogAssemblyErrors (0ms)
				InitializePlatformSupportModulesInManaged (7ms)
				SetLoadedEditorAssemblies (1ms)
				RefreshPlugins (1ms)
				BeforeProcessingInitializeOnLoad (97ms)
				ProcessInitializeOnLoadAttributes (387ms)
				ProcessInitializeOnLoadMethodAttributes (44ms)
				AfterProcessingInitializeOnLoad (3ms)
				EditorAssembliesLoaded (0ms)
			ExecutionOrderSort2 (0ms)
			AwakeInstancesAfterBackupRestoration (7ms)
Platform modules already initialized, skipping
========================================================================
Worker process is ready to serve import requests
Launching external process: /Applications/Unity/Hub/Editor/2021.3.17f1/Unity.app/Contents/Tools/UnityShaderCompiler
Launched and connected shader compiler UnityShaderCompiler after 0.11 seconds
Refreshing native plugins compatible for Editor in 0.68 ms, found 2 plugins.
Preloading 0 native plugins for Editor in 0.00 ms.
Unloading 3376 Unused Serialized files (Serialized files now loaded: 0)
Unloading 27 unused Assets / (345.1 KB). Loaded Objects now: 3833.
Memory consumption went from 110.5 MB to 110.2 MB.
Total: 6.939842 ms (FindLiveObjects: 0.834632 ms CreateObjectMapping: 0.603903 ms MarkObjects: 5.330233 ms  DeleteObjects: 0.169486 ms)

AssetImportParameters requested are different than current active one (requested -> active):
  custom:video-decoder-ogg-theora: a1e56fd34408186e4bbccfd4996cb3dc -> 
  custom:container-muxer-webm: aa71ff27fc2769a1b78a27578f13a17b -> 
  custom:container-demuxer-webm: 4f35f7cbe854078d1ac9338744f61a02 -> 
  custom:video-encoder-webm-vp8: eb34c28f22e8b96e1ab97ce403110664 -> 
  custom:framework-osx-AVFoundation: e770b220cccbd017edd2c1fefb359320 -> 
  custom:audio-encoder-webm-vorbis: bf7c407c2cedff20999df2af8eb42d56 -> 
  custom:container-demuxer-ogg: 62fdf1f143b41e24485cea50d1cbac27 -> 
  custom:video-decoder-webm-vp8: 9c59270c3fd7afecdb556c50c9e8de78 -> 
  custom:audio-decoder-ogg-vorbis: bf7c407c2cedff20999df2af8eb42d56 -> 
========================================================================
Received Import Request.
  Time since last request: 451831.438990 seconds.
  path: Assets/Scripts
  artifactKey: Guid(98108f98264f64743838154397240fa4) Importer(815301076,1909f56bfc062723c751e8b465ee728b)
Start importing Assets/Scripts using Guid(98108f98264f64743838154397240fa4) Importer(815301076,1909f56bfc062723c751e8b465ee728b)  -> (artifact id: 'c670307a2a972123d50bcfa88cadf420') in 0.011912 seconds 
========================================================================
Received Import Request.
  Time since last request: 6.827888 seconds.
  path: Assets/Textures
  artifactKey: Guid(51a7ee74c4a484cc796f5a507b5a34a0) Importer(815301076,1909f56bfc062723c751e8b465ee728b)
Start importing Assets/Textures using Guid(51a7ee74c4a484cc796f5a507b5a34a0) Importer(815301076,1909f56bfc062723c751e8b465ee728b)  -> (artifact id: '1091cb66609224d3b8ac06b3e3ed7c16') in 0.001307 seconds 
========================================================================
Received Import Request.
  Time since last request: 8.009768 seconds.
  path: Assets/Scripts/NewBehaviourScript.cs
  artifactKey: Guid(9196398af25ce49d989c067074cb1ddc) Importer(815301076,1909f56bfc062723c751e8b465ee728b)
Start importing Assets/Scripts/NewBehaviourScript.cs using Guid(9196398af25ce49d989c067074cb1ddc) Importer(815301076,1909f56bfc062723c751e8b465ee728b)  -> (artifact id: 'c06649423394bdc7b10c6abbd63ffc5f') in 0.913156 seconds 
========================================================================
Received Prepare
Registering precompiled user dll's ...
Registered in 0.005522 seconds.
Begin MonoManager ReloadAssembly
Symbol file LoadedFromMemory doesn't match image /Users/korahughes/Documents/GitHub/GameEng/Marble-Maze/Library/PackageCache/com.unity.visualscripting@1.8.0/Editor/VisualScripting.Core/Dependencies/YamlDotNet/Unity.VisualScripting.YamlDotNet.dll
Symbol file LoadedFromMemory doesn't match image /Users/korahughes/Documents/GitHub/GameEng/Marble-Maze/Library/PackageCache/com.unity.visualscripting@1.8.0/Editor/VisualScripting.Core/Dependencies/DotNetZip/Unity.VisualScripting.IonicZip.dll
Native extension for WindowsStandalone target not found
Native extension for OSXStandalone target not found
Native extension for WebGL target not found
Refreshing native plugins compatible for Editor in 0.93 ms, found 2 plugins.
Preloading 0 native plugins for Editor in 0.00 ms.
Mono: successfully reloaded assembly
- Completed reload, in  1.546 seconds
Domain Reload Profiling:
	ReloadAssembly (1547ms)
		BeginReloadAssembly (192ms)
			ExecutionOrderSort (0ms)
			DisableScriptedObjects (9ms)
			BackupInstance (0ms)
			ReleaseScriptingObjects (0ms)
			CreateAndSetChildDomain (68ms)
		EndReloadAssembly (1188ms)
			LoadAssemblies (105ms)
			RebuildTransferFunctionScriptingTraits (0ms)
			SetupTypeCache (488ms)
			ReleaseScriptCaches (1ms)
			RebuildScriptCaches (68ms)
			SetupLoadedEditorAssemblies (452ms)
				LogAssemblyErrors (0ms)
				InitializePlatformSupportModulesInManaged (13ms)
				SetLoadedEditorAssemblies (1ms)
				RefreshPlugins (1ms)
				BeforeProcessingInitializeOnLoad (82ms)
				ProcessInitializeOnLoadAttributes (314ms)
				ProcessInitializeOnLoadMethodAttributes (39ms)
				AfterProcessingInitializeOnLoad (2ms)
				EditorAssembliesLoaded (0ms)
			ExecutionOrderSort2 (0ms)
			AwakeInstancesAfterBackupRestoration (6ms)
Platform modules already initialized, skipping
Refreshing native plugins compatible for Editor in 1.52 ms, found 2 plugins.
Preloading 0 native plugins for Editor in 0.00 ms.
Unloading 3372 Unused Serialized files (Serialized files now loaded: 0)
Unloading 20 unused Assets / (44.9 KB). Loaded Objects now: 3837.
Memory consumption went from 114.4 MB to 114.4 MB.
Total: 4.590374 ms (FindLiveObjects: 0.392143 ms CreateObjectMapping: 0.260687 ms MarkObjects: 3.836054 ms  DeleteObjects: 0.100209 ms)

AssetImportParameters requested are different than current active one (requested -> active):
  custom:video-decoder-ogg-theora: a1e56fd34408186e4bbccfd4996cb3dc -> 
  custom:container-muxer-webm: aa71ff27fc2769a1b78a27578f13a17b -> 
  custom:container-demuxer-webm: 4f35f7cbe854078d1ac9338744f61a02 -> 
  custom:video-encoder-webm-vp8: eb34c28f22e8b96e1ab97ce403110664 -> 
  custom:framework-osx-AVFoundation: e770b220cccbd017edd2c1fefb359320 -> 
  custom:audio-encoder-webm-vorbis: bf7c407c2cedff20999df2af8eb42d56 -> 
  custom:container-demuxer-ogg: 62fdf1f143b41e24485cea50d1cbac27 -> 
  custom:video-decoder-webm-vp8: 9c59270c3fd7afecdb556c50c9e8de78 -> 
  custom:audio-decoder-ogg-vorbis: bf7c407c2cedff20999df2af8eb42d56 -> 
========================================================================
Received Import Request.
  Time since last request: 570.178600 seconds.
  path: Assets/Scripts/PlayerMove.cs
  artifactKey: Guid(9196398af25ce49d989c067074cb1ddc) Importer(815301076,1909f56bfc062723c751e8b465ee728b)
Start importing Assets/Scripts/PlayerMove.cs using Guid(9196398af25ce49d989c067074cb1ddc) Importer(815301076,1909f56bfc062723c751e8b465ee728b)  -> (artifact id: 'b412db0c08d7b695a97f5ef6e0d6bf92') in 0.025107 seconds 
========================================================================
Received Prepare
Registering precompiled user dll's ...
Registered in 0.003773 seconds.
Begin MonoManager ReloadAssembly
Symbol file LoadedFromMemory doesn't match image /Users/korahughes/Documents/GitHub/GameEng/Marble-Maze/Library/PackageCache/com.unity.visualscripting@1.8.0/Editor/VisualScripting.Core/Dependencies/YamlDotNet/Unity.VisualScripting.YamlDotNet.dll
Symbol file LoadedFromMemory doesn't match image /Users/korahughes/Documents/GitHub/GameEng/Marble-Maze/Library/PackageCache/com.unity.visualscripting@1.8.0/Editor/VisualScripting.Core/Dependencies/DotNetZip/Unity.VisualScripting.IonicZip.dll
Native extension for WindowsStandalone target not found
Native extension for OSXStandalone target not found
Native extension for WebGL target not found
Refreshing native plugins compatible for Editor in 0.56 ms, found 2 plugins.
Preloading 0 native plugins for Editor in 0.00 ms.
Mono: successfully reloaded assembly
- Completed reload, in  1.310 seconds
Domain Reload Profiling:
	ReloadAssembly (1311ms)
		BeginReloadAssembly (207ms)
			ExecutionOrderSort (0ms)
			DisableScriptedObjects (12ms)
			BackupInstance (0ms)
			ReleaseScriptingObjects (0ms)
			CreateAndSetChildDomain (81ms)
		EndReloadAssembly (977ms)
			LoadAssemblies (101ms)
			RebuildTransferFunctionScriptingTraits (0ms)
			SetupTypeCache (371ms)
			ReleaseScriptCaches (1ms)
			RebuildScriptCaches (59ms)
			SetupLoadedEditorAssemblies (401ms)
				LogAssemblyErrors (0ms)
				InitializePlatformSupportModulesInManaged (12ms)
				SetLoadedEditorAssemblies (1ms)
				RefreshPlugins (1ms)
				BeforeProcessingInitializeOnLoad (65ms)
				ProcessInitializeOnLoadAttributes (286ms)
				ProcessInitializeOnLoadMethodAttributes (34ms)
				AfterProcessingInitializeOnLoad (2ms)
				EditorAssembliesLoaded (0ms)
			ExecutionOrderSort2 (0ms)
			AwakeInstancesAfterBackupRestoration (7ms)
Platform modules already initialized, skipping
Refreshing native plugins compatible for Editor in 2.19 ms, found 2 plugins.
Preloading 0 native plugins for Editor in 0.00 ms.
Unloading 3372 Unused Serialized files (Serialized files now loaded: 0)
Unloading 20 unused Assets / (45.0 KB). Loaded Objects now: 3840.
Memory consumption went from 114.4 MB to 114.4 MB.
Total: 4.105779 ms (FindLiveObjects: 0.298491 ms CreateObjectMapping: 0.238938 ms MarkObjects: 3.442572 ms  DeleteObjects: 0.124424 ms)

AssetImportParameters requested are different than current active one (requested -> active):
  custom:video-decoder-ogg-theora: a1e56fd34408186e4bbccfd4996cb3dc -> 
  custom:container-muxer-webm: aa71ff27fc2769a1b78a27578f13a17b -> 
  custom:container-demuxer-webm: 4f35f7cbe854078d1ac9338744f61a02 -> 
  custom:video-encoder-webm-vp8: eb34c28f22e8b96e1ab97ce403110664 -> 
  custom:framework-osx-AVFoundation: e770b220cccbd017edd2c1fefb359320 -> 
  custom:audio-encoder-webm-vorbis: bf7c407c2cedff20999df2af8eb42d56 -> 
  custom:container-demuxer-ogg: 62fdf1f143b41e24485cea50d1cbac27 -> 
  custom:video-decoder-webm-vp8: 9c59270c3fd7afecdb556c50c9e8de78 -> 
  custom:audio-decoder-ogg-vorbis: bf7c407c2cedff20999df2af8eb42d56 -> 
========================================================================
Received Import Request.
  Time since last request: 15.508793 seconds.
  path: Assets/Scripts/PlayerMove.cs
  artifactKey: Guid(9196398af25ce49d989c067074cb1ddc) Importer(815301076,1909f56bfc062723c751e8b465ee728b)
Start importing Assets/Scripts/PlayerMove.cs using Guid(9196398af25ce49d989c067074cb1ddc) Importer(815301076,1909f56bfc062723c751e8b465ee728b)  -> (artifact id: 'a8305bc14ddd0095276764a4aae586ab') in 0.007957 seconds 
========================================================================
Received Prepare
Registering precompiled user dll's ...
Registered in 0.004358 seconds.
Begin MonoManager ReloadAssembly
Symbol file LoadedFromMemory doesn't match image /Users/korahughes/Documents/GitHub/GameEng/Marble-Maze/Library/PackageCache/com.unity.visualscripting@1.8.0/Editor/VisualScripting.Core/Dependencies/YamlDotNet/Unity.VisualScripting.YamlDotNet.dll
Symbol file LoadedFromMemory doesn't match image /Users/korahughes/Documents/GitHub/GameEng/Marble-Maze/Library/PackageCache/com.unity.visualscripting@1.8.0/Editor/VisualScripting.Core/Dependencies/DotNetZip/Unity.VisualScripting.IonicZip.dll
Native extension for WindowsStandalone target not found
Native extension for OSXStandalone target not found
Native extension for WebGL target not found
Refreshing native plugins compatible for Editor in 0.52 ms, found 2 plugins.
Preloading 0 native plugins for Editor in 0.00 ms.
Mono: successfully reloaded assembly
- Completed reload, in  1.357 seconds
Domain Reload Profiling:
	ReloadAssembly (1358ms)
		BeginReloadAssembly (170ms)
			ExecutionOrderSort (0ms)
			DisableScriptedObjects (7ms)
			BackupInstance (0ms)
			ReleaseScriptingObjects (0ms)
			CreateAndSetChildDomain (70ms)
		EndReloadAssembly (1025ms)
			LoadAssemblies (99ms)
			RebuildTransferFunctionScriptingTraits (2ms)
			SetupTypeCache (437ms)
			ReleaseScriptCaches (1ms)
			RebuildScriptCaches (56ms)
			SetupLoadedEditorAssemblies (376ms)
				LogAssemblyErrors (0ms)
				InitializePlatformSupportModulesInManaged (11ms)
				SetLoadedEditorAssemblies (1ms)
				RefreshPlugins (1ms)
				BeforeProcessingInitializeOnLoad (60ms)
				ProcessInitializeOnLoadAttributes (275ms)
				ProcessInitializeOnLoadMethodAttributes (26ms)
				AfterProcessingInitializeOnLoad (3ms)
				EditorAssembliesLoaded (0ms)
			ExecutionOrderSort2 (0ms)
			AwakeInstancesAfterBackupRestoration (5ms)
Platform modules already initialized, skipping
Refreshing native plugins compatible for Editor in 1.60 ms, found 2 plugins.
Preloading 0 native plugins for Editor in 0.00 ms.
Unloading 3372 Unused Serialized files (Serialized files now loaded: 0)
Unloading 20 unused Assets / (44.8 KB). Loaded Objects now: 3843.
Memory consumption went from 114.3 MB to 114.3 MB.
Total: 3.601105 ms (FindLiveObjects: 0.255862 ms CreateObjectMapping: 0.197918 ms MarkObjects: 3.019727 ms  DeleteObjects: 0.126737 ms)

AssetImportParameters requested are different than current active one (requested -> active):
  custom:video-decoder-ogg-theora: a1e56fd34408186e4bbccfd4996cb3dc -> 
  custom:container-muxer-webm: aa71ff27fc2769a1b78a27578f13a17b -> 
  custom:container-demuxer-webm: 4f35f7cbe854078d1ac9338744f61a02 -> 
  custom:video-encoder-webm-vp8: eb34c28f22e8b96e1ab97ce403110664 -> 
  custom:framework-osx-AVFoundation: e770b220cccbd017edd2c1fefb359320 -> 
  custom:audio-encoder-webm-vorbis: bf7c407c2cedff20999df2af8eb42d56 -> 
  custom:container-demuxer-ogg: 62fdf1f143b41e24485cea50d1cbac27 -> 
  custom:video-decoder-webm-vp8: 9c59270c3fd7afecdb556c50c9e8de78 -> 
  custom:audio-decoder-ogg-vorbis: bf7c407c2cedff20999df2af8eb42d56 -> 
========================================================================
Received Import Request.
  Time since last request: 141.626926 seconds.
  path: Assets/Textures/wall-color.prefab
  artifactKey: Guid(db854d82c62ab44ab8a72539c44fc2f2) Importer(815301076,1909f56bfc062723c751e8b465ee728b)
Start importing Assets/Textures/wall-color.prefab using Guid(db854d82c62ab44ab8a72539c44fc2f2) Importer(815301076,1909f56bfc062723c751e8b465ee728b)  -> (artifact id: '0530014d86837709e56ed250673fa957') in 1.403148 seconds 
========================================================================
Received Import Request.
  Time since last request: 23.740130 seconds.
  path: Assets/Textures/wall-color.mat
  artifactKey: Guid(0715478b8cf4a44a79d5c53ac50c2e17) Importer(815301076,1909f56bfc062723c751e8b465ee728b)
Start importing Assets/Textures/wall-color.mat using Guid(0715478b8cf4a44a79d5c53ac50c2e17) Importer(815301076,1909f56bfc062723c751e8b465ee728b)  -> (artifact id: '56a2de05eb69e841a641bb6b814aa770') in 0.672804 seconds 
========================================================================
Received Import Request.
  Time since last request: 2.209041 seconds.
  path: Assets/Textures/wall-color 1.mat
  artifactKey: Guid(33f7f95e4281b4cda903d6aee28fd6b3) Importer(815301076,1909f56bfc062723c751e8b465ee728b)
Start importing Assets/Textures/wall-color 1.mat using Guid(33f7f95e4281b4cda903d6aee28fd6b3) Importer(815301076,1909f56bfc062723c751e8b465ee728b)  -> (artifact id: '76c9053151208d047e71055cdf162da7') in 0.011625 seconds 
========================================================================
Received Import Request.
  Time since last request: 4.348696 seconds.
  path: Assets/Textures/floor-color.mat
  artifactKey: Guid(33f7f95e4281b4cda903d6aee28fd6b3) Importer(815301076,1909f56bfc062723c751e8b465ee728b)
Start importing Assets/Textures/floor-color.mat using Guid(33f7f95e4281b4cda903d6aee28fd6b3) Importer(815301076,1909f56bfc062723c751e8b465ee728b)  -> (artifact id: '9c0fbe2591ddefa06d588f3442ec4053') in 0.012151 seconds 
========================================================================
Received Import Request.
  Time since last request: 9.369851 seconds.
  path: Assets/Textures/wall-color 1.mat
  artifactKey: Guid(28498dc8b2f1f4ff58ea72196b13c4ec) Importer(815301076,1909f56bfc062723c751e8b465ee728b)
Start importing Assets/Textures/wall-color 1.mat using Guid(28498dc8b2f1f4ff58ea72196b13c4ec) Importer(815301076,1909f56bfc062723c751e8b465ee728b)  -> (artifact id: '67868753f86dea9795d917a6e4310e9b') in 0.010379 seconds 
========================================================================
Received Import Request.
  Time since last request: 4.304631 seconds.
  path: Assets/Textures/marble-color.mat
  artifactKey: Guid(28498dc8b2f1f4ff58ea72196b13c4ec) Importer(815301076,1909f56bfc062723c751e8b465ee728b)
Start importing Assets/Textures/marble-color.mat using Guid(28498dc8b2f1f4ff58ea72196b13c4ec) Importer(815301076,1909f56bfc062723c751e8b465ee728b)  -> (artifact id: 'a888b1f258f9fbf3983cfa1016f4a1be') in 0.010752 seconds 
========================================================================
Received Import Request.
  Time since last request: 71.597943 seconds.
  path: Assets/Textures/floor-color.mat
  artifactKey: Guid(33f7f95e4281b4cda903d6aee28fd6b3) Importer(815301076,1909f56bfc062723c751e8b465ee728b)
Start importing Assets/Textures/floor-color.mat using Guid(33f7f95e4281b4cda903d6aee28fd6b3) Importer(815301076,1909f56bfc062723c751e8b465ee728b)  -> (artifact id: '8a2392ef0172be1956958355790fa77f') in 0.011152 seconds 
========================================================================
Received Import Request.
  Time since last request: 0.000081 seconds.
  path: Assets/Textures/wall-color.mat
  artifactKey: Guid(0715478b8cf4a44a79d5c53ac50c2e17) Importer(815301076,1909f56bfc062723c751e8b465ee728b)
Start importing Assets/Textures/wall-color.mat using Guid(0715478b8cf4a44a79d5c53ac50c2e17) Importer(815301076,1909f56bfc062723c751e8b465ee728b)  -> (artifact id: '5387aeee6343c53de9e409afb9f0ec09') in 0.018850 seconds 
========================================================================
Received Prepare
Registering precompiled user dll's ...
Registered in 0.004488 seconds.
Begin MonoManager ReloadAssembly
Symbol file LoadedFromMemory doesn't match image /Users/korahughes/Documents/GitHub/GameEng/Marble-Maze/Library/PackageCache/com.unity.visualscripting@1.8.0/Editor/VisualScripting.Core/Dependencies/YamlDotNet/Unity.VisualScripting.YamlDotNet.dll
Symbol file LoadedFromMemory doesn't match image /Users/korahughes/Documents/GitHub/GameEng/Marble-Maze/Library/PackageCache/com.unity.visualscripting@1.8.0/Editor/VisualScripting.Core/Dependencies/DotNetZip/Unity.VisualScripting.IonicZip.dll
Native extension for WindowsStandalone target not found
Native extension for OSXStandalone target not found
Native extension for WebGL target not found
Refreshing native plugins compatible for Editor in 0.62 ms, found 2 plugins.
Preloading 0 native plugins for Editor in 0.00 ms.
Mono: successfully reloaded assembly
- Completed reload, in  1.570 seconds
Domain Reload Profiling:
	ReloadAssembly (1572ms)
		BeginReloadAssembly (363ms)
			ExecutionOrderSort (0ms)
			DisableScriptedObjects (14ms)
			BackupInstance (0ms)
			ReleaseScriptingObjects (0ms)
			CreateAndSetChildDomain (179ms)
		EndReloadAssembly (1076ms)
			LoadAssemblies (143ms)
			RebuildTransferFunctionScriptingTraits (0ms)
			SetupTypeCache (443ms)
			ReleaseScriptCaches (1ms)
			RebuildScriptCaches (64ms)
			SetupLoadedEditorAssemblies (403ms)
				LogAssemblyErrors (0ms)
				InitializePlatformSupportModulesInManaged (13ms)
				SetLoadedEditorAssemblies (1ms)
				RefreshPlugins (1ms)
				BeforeProcessingInitializeOnLoad (73ms)
				ProcessInitializeOnLoadAttributes (283ms)
				ProcessInitializeOnLoadMethodAttributes (31ms)
				AfterProcessingInitializeOnLoad (2ms)
				EditorAssembliesLoaded (0ms)
			ExecutionOrderSort2 (0ms)
			AwakeInstancesAfterBackupRestoration (5ms)
Platform modules already initialized, skipping
Refreshing native plugins compatible for Editor in 3.47 ms, found 2 plugins.
Preloading 0 native plugins for Editor in 0.00 ms.
Unloading 3372 Unused Serialized files (Serialized files now loaded: 0)
Unloading 20 unused Assets / (64.9 KB). Loaded Objects now: 3887.
Memory consumption went from 125.1 MB to 125.1 MB.
Total: 8.271673 ms (FindLiveObjects: 0.523123 ms CreateObjectMapping: 0.893004 ms MarkObjects: 6.673121 ms  DeleteObjects: 0.181300 ms)

AssetImportParameters requested are different than current active one (requested -> active):
  custom:video-decoder-ogg-theora: a1e56fd34408186e4bbccfd4996cb3dc -> 
  custom:container-muxer-webm: aa71ff27fc2769a1b78a27578f13a17b -> 
  custom:container-demuxer-webm: 4f35f7cbe854078d1ac9338744f61a02 -> 
  custom:video-encoder-webm-vp8: eb34c28f22e8b96e1ab97ce403110664 -> 
  custom:framework-osx-AVFoundation: e770b220cccbd017edd2c1fefb359320 -> 
  custom:audio-encoder-webm-vorbis: bf7c407c2cedff20999df2af8eb42d56 -> 
  custom:container-demuxer-ogg: 62fdf1f143b41e24485cea50d1cbac27 -> 
  custom:video-decoder-webm-vp8: 9c59270c3fd7afecdb556c50c9e8de78 -> 
  custom:audio-decoder-ogg-vorbis: bf7c407c2cedff20999df2af8eb42d56 -> 
========================================================================
Received Import Request.
  Time since last request: 1427.741522 seconds.
  path: Assets/Textures/wall-color 1.mat
  artifactKey: Guid(a46ff6c8d84ad474582b60a735148246) Importer(815301076,1909f56bfc062723c751e8b465ee728b)
Start importing Assets/Textures/wall-color 1.mat using Guid(a46ff6c8d84ad474582b60a735148246) Importer(815301076,1909f56bfc062723c751e8b465ee728b)  -> (artifact id: '0d4c688b79bcd4e12a4822d69db2369b') in 0.149942 seconds 
========================================================================
Received Import Request.
  Time since last request: 2.837011 seconds.
  path: Assets/Textures/wall-color 2.mat
  artifactKey: Guid(a46ff6c8d84ad474582b60a735148246) Importer(815301076,1909f56bfc062723c751e8b465ee728b)
Start importing Assets/Textures/wall-color 2.mat using Guid(a46ff6c8d84ad474582b60a735148246) Importer(815301076,1909f56bfc062723c751e8b465ee728b)  -> (artifact id: 'db31b5289c50f2321ae2bd59f168bac7') in 0.018546 seconds 
========================================================================
Received Import Request.
  Time since last request: 35.228449 seconds.
  path: Assets/Textures/wall-color 2.mat
  artifactKey: Guid(a46ff6c8d84ad474582b60a735148246) Importer(815301076,1909f56bfc062723c751e8b465ee728b)
Start importing Assets/Textures/wall-color 2.mat using Guid(a46ff6c8d84ad474582b60a735148246) Importer(815301076,1909f56bfc062723c751e8b465ee728b)  -> (artifact id: '9e64a1652f3f8698d64d1ab99c534a20') in 0.020006 seconds 
========================================================================
Received Prepare
Registering precompiled user dll's ...
Registered in 0.003860 seconds.
Begin MonoManager ReloadAssembly
Symbol file LoadedFromMemory doesn't match image /Users/korahughes/Documents/GitHub/GameEng/Marble-Maze/Library/PackageCache/com.unity.visualscripting@1.8.0/Editor/VisualScripting.Core/Dependencies/YamlDotNet/Unity.VisualScripting.YamlDotNet.dll
Symbol file LoadedFromMemory doesn't match image /Users/korahughes/Documents/GitHub/GameEng/Marble-Maze/Library/PackageCache/com.unity.visualscripting@1.8.0/Editor/VisualScripting.Core/Dependencies/DotNetZip/Unity.VisualScripting.IonicZip.dll
Native extension for WindowsStandalone target not found
Native extension for OSXStandalone target not found
Native extension for WebGL target not found
Refreshing native plugins compatible for Editor in 0.76 ms, found 2 plugins.
Preloading 0 native plugins for Editor in 0.00 ms.
Mono: successfully reloaded assembly
- Completed reload, in  1.905 seconds
Domain Reload Profiling:
	ReloadAssembly (1906ms)
		BeginReloadAssembly (369ms)
			ExecutionOrderSort (0ms)
			DisableScriptedObjects (12ms)
			BackupInstance (0ms)
			ReleaseScriptingObjects (0ms)
			CreateAndSetChildDomain (152ms)
		EndReloadAssembly (1276ms)
			LoadAssemblies (208ms)
			RebuildTransferFunctionScriptingTraits (0ms)
			SetupTypeCache (530ms)
			ReleaseScriptCaches (2ms)
			RebuildScriptCaches (73ms)
			SetupLoadedEditorAssemblies (458ms)
				LogAssemblyErrors (0ms)
				InitializePlatformSupportModulesInManaged (16ms)
				SetLoadedEditorAssemblies (1ms)
				RefreshPlugins (1ms)
				BeforeProcessingInitializeOnLoad (84ms)
				ProcessInitializeOnLoadAttributes (317ms)
				ProcessInitializeOnLoadMethodAttributes (37ms)
				AfterProcessingInitializeOnLoad (2ms)
				EditorAssembliesLoaded (0ms)
			ExecutionOrderSort2 (0ms)
			AwakeInstancesAfterBackupRestoration (7ms)
Platform modules already initialized, skipping
Refreshing native plugins compatible for Editor in 2.41 ms, found 2 plugins.
Preloading 0 native plugins for Editor in 0.00 ms.
Unloading 3372 Unused Serialized files (Serialized files now loaded: 0)
Unloading 20 unused Assets / (64.7 KB). Loaded Objects now: 3890.
Memory consumption went from 125.1 MB to 125.1 MB.
Total: 4.777046 ms (FindLiveObjects: 0.390079 ms CreateObjectMapping: 0.208890 ms MarkObjects: 4.028101 ms  DeleteObjects: 0.149189 ms)

AssetImportParameters requested are different than current active one (requested -> active):
  custom:video-decoder-ogg-theora: a1e56fd34408186e4bbccfd4996cb3dc -> 
  custom:container-muxer-webm: aa71ff27fc2769a1b78a27578f13a17b -> 
  custom:container-demuxer-webm: 4f35f7cbe854078d1ac9338744f61a02 -> 
  custom:video-encoder-webm-vp8: eb34c28f22e8b96e1ab97ce403110664 -> 
  custom:framework-osx-AVFoundation: e770b220cccbd017edd2c1fefb359320 -> 
  custom:audio-encoder-webm-vorbis: bf7c407c2cedff20999df2af8eb42d56 -> 
  custom:container-demuxer-ogg: 62fdf1f143b41e24485cea50d1cbac27 -> 
  custom:video-decoder-webm-vp8: 9c59270c3fd7afecdb556c50c9e8de78 -> 
  custom:audio-decoder-ogg-vorbis: bf7c407c2cedff20999df2af8eb42d56 -> 
========================================================================
Received Import Request.
  Time since last request: 1202.598177 seconds.
  path: Assets/Textures/marble-color 1.mat
  artifactKey: Guid(6381452f3d46b4035927da55ac67a758) Importer(815301076,1909f56bfc062723c751e8b465ee728b)
Start importing Assets/Textures/marble-color 1.mat using Guid(6381452f3d46b4035927da55ac67a758) Importer(815301076,1909f56bfc062723c751e8b465ee728b)  -> (artifact id: 'c9949548733a2391cf9b505da3113d18') in 0.199183 seconds 
========================================================================
Received Import Request.
  Time since last request: 8.510394 seconds.
  path: Assets/Textures/gate-color.mat
  artifactKey: Guid(6381452f3d46b4035927da55ac67a758) Importer(815301076,1909f56bfc062723c751e8b465ee728b)
Start importing Assets/Textures/gate-color.mat using Guid(6381452f3d46b4035927da55ac67a758) Importer(815301076,1909f56bfc062723c751e8b465ee728b)  -> (artifact id: 'b9f6073eda2dfba8c2c3ed82506b125c') in 0.017052 seconds 
========================================================================
Received Import Request.
  Time since last request: 135.489824 seconds.
  path: Assets/Textures/gate-color.mat
  artifactKey: Guid(6381452f3d46b4035927da55ac67a758) Importer(815301076,1909f56bfc062723c751e8b465ee728b)
Start importing Assets/Textures/gate-color.mat using Guid(6381452f3d46b4035927da55ac67a758) Importer(815301076,1909f56bfc062723c751e8b465ee728b)  -> (artifact id: 'e91dc5442d1fd921882be6204e75f250') in 0.027767 seconds 
========================================================================
Received Import Request.
  Time since last request: 226.787465 seconds.
  path: Assets/Scripts/NewBehaviourScript.cs
  artifactKey: Guid(9196398af25ce49d989c067074cb1ddc) Importer(815301076,1909f56bfc062723c751e8b465ee728b)
Start importing Assets/Scripts/NewBehaviourScript.cs using Guid(9196398af25ce49d989c067074cb1ddc) Importer(815301076,1909f56bfc062723c751e8b465ee728b)  -> (artifact id: '93f3d03e134ac737c7949573fb9d3b8c') in 0.012770 seconds 
========================================================================
Received Import Request.
  Time since last request: 58.786540 seconds.
  path: Assets/Scripts/newLevel.cs
  artifactKey: Guid(90a2c5a171b09498e8414bb06acca8ab) Importer(815301076,1909f56bfc062723c751e8b465ee728b)
Start importing Assets/Scripts/newLevel.cs using Guid(90a2c5a171b09498e8414bb06acca8ab) Importer(815301076,1909f56bfc062723c751e8b465ee728b)  -> (artifact id: '4641735102d78e05566e8474ac28bece') in 0.001945 seconds 
========================================================================
Received Import Request.
  Time since last request: 56.611269 seconds.
  path: Assets/Scripts/newLevel.cs
  artifactKey: Guid(90a2c5a171b09498e8414bb06acca8ab) Importer(815301076,1909f56bfc062723c751e8b465ee728b)
Start importing Assets/Scripts/newLevel.cs using Guid(90a2c5a171b09498e8414bb06acca8ab) Importer(815301076,1909f56bfc062723c751e8b465ee728b)  -> (artifact id: '4f28cef0b85a9d30547861c6753de849') in 0.002175 seconds 
========================================================================
Received Import Request.
  Time since last request: 126.366470 seconds.
  path: Assets/Scripts/newLevel.cs
  artifactKey: Guid(90a2c5a171b09498e8414bb06acca8ab) Importer(815301076,1909f56bfc062723c751e8b465ee728b)
Start importing Assets/Scripts/newLevel.cs using Guid(90a2c5a171b09498e8414bb06acca8ab) Importer(815301076,1909f56bfc062723c751e8b465ee728b)  -> (artifact id: '489ae21f9412ff4bb136567fcf79230c') in 0.002338 seconds 
========================================================================
Received Import Request.
  Time since last request: 70.752356 seconds.
  path: Assets/Scenes/SampleScene.unity
  artifactKey: Guid(9fc0d4010bbf28b4594072e72b8655ab) Importer(815301076,1909f56bfc062723c751e8b465ee728b)
Start importing Assets/Scenes/SampleScene.unity using Guid(9fc0d4010bbf28b4594072e72b8655ab) Importer(815301076,1909f56bfc062723c751e8b465ee728b)  -> (artifact id: 'd14cfac52667681b1457b4cba5d80bc9') in 0.005168 seconds 
========================================================================
Received Import Request.
  Time since last request: 10.152454 seconds.
  path: Assets/Scenes/Level1.unity
  artifactKey: Guid(9fc0d4010bbf28b4594072e72b8655ab) Importer(815301076,1909f56bfc062723c751e8b465ee728b)
Start importing Assets/Scenes/Level1.unity using Guid(9fc0d4010bbf28b4594072e72b8655ab) Importer(815301076,1909f56bfc062723c751e8b465ee728b)  -> (artifact id: 'f7b601878e66ab9f31d2761cabd9160f') in 0.001618 seconds 
========================================================================
Received Import Request.
  Time since last request: 432.229860 seconds.
  path: Assets/Scenes/Level1.unity
  artifactKey: Guid(9fc0d4010bbf28b4594072e72b8655ab) Importer(815301076,1909f56bfc062723c751e8b465ee728b)
Start importing Assets/Scenes/Level1.unity using Guid(9fc0d4010bbf28b4594072e72b8655ab) Importer(815301076,1909f56bfc062723c751e8b465ee728b)  -> (artifact id: 'd60b5e6603aa3b977ad88aba87857304') in 0.002839 seconds 
========================================================================
Received Import Request.
  Time since last request: 109.076103 seconds.
  path: Assets/Scripts/followPlayer.cs
  artifactKey: Guid(657af90c416a84914bbdce3947a60d67) Importer(815301076,1909f56bfc062723c751e8b465ee728b)
Start importing Assets/Scripts/followPlayer.cs using Guid(657af90c416a84914bbdce3947a60d67) Importer(815301076,1909f56bfc062723c751e8b465ee728b)  -> (artifact id: 'dadf9723f24685be78d992bbde261e31') in 0.007555 seconds 
========================================================================
Received Import Request.
  Time since last request: 260.038151 seconds.
  path: Assets/Scripts/followPlayer.cs
  artifactKey: Guid(657af90c416a84914bbdce3947a60d67) Importer(815301076,1909f56bfc062723c751e8b465ee728b)
Start importing Assets/Scripts/followPlayer.cs using Guid(657af90c416a84914bbdce3947a60d67) Importer(815301076,1909f56bfc062723c751e8b465ee728b)  -> (artifact id: '73978e0a09cb75d12d45fc63d59cd99d') in 0.012810 seconds 
========================================================================
Received Import Request.
  Time since last request: 625.420906 seconds.
  path: Assets/Scripts/followPlayer.cs
  artifactKey: Guid(657af90c416a84914bbdce3947a60d67) Importer(815301076,1909f56bfc062723c751e8b465ee728b)
Start importing Assets/Scripts/followPlayer.cs using Guid(657af90c416a84914bbdce3947a60d67) Importer(815301076,1909f56bfc062723c751e8b465ee728b)  -> (artifact id: '340fa3fe792d943badaaae2d39ac01a0') in 0.017119 seconds 
